[2018/01/10 05:48:53 UTC] [INFO] Loaded system translations for 'en' from '/mattermost/i18n/en.json'
[2018/01/10 05:48:53 UTC] [INFO] Current version is 4.5.0 (4.5.0/Fri Dec 15 23:15:33 UTC 2017/03f5c939deb4a6ab2fd01639b5570799e4118bab/dc1a5c62b18d87b9effd4ec249f29c77d1ffdde0)
[2018/01/10 05:48:53 UTC] [INFO] Enterprise Enabled: true
[2018/01/10 05:48:53 UTC] [INFO] Current working directory is /mattermost
[2018/01/10 05:48:53 UTC] [INFO] Loaded config file from /mattermost/config/config.json
[2018/01/10 05:48:53 UTC] [INFO] Loaded system translations for 'en' from '/mattermost/i18n/en.json'
[2018/01/10 05:48:53 UTC] [INFO] Server is initializing...
[2018/01/10 05:48:53 UTC] [INFO] Pinging SQL master database
[2018/01/10 05:48:54 UTC] [INFO] The database schema has been set to version 4.5.0
[2018/01/10 05:48:54 UTC] [INFO] Initializing plugin: ldapextras
[2018/01/10 05:48:54 UTC] [INFO] Able to write files to local storage.
[2018/01/10 05:48:54 UTC] [INFO] License key from https://mattermost.com required to unlock enterprise features.
[2018/01/10 05:48:54 UTC] [INFO] Starting up plugins
[2018/01/10 05:48:54 UTC] [INFO] Activated jira plugin
[2018/01/10 05:48:54 UTC] [INFO] Starting Server...
[2018/01/10 05:48:54 UTC] [INFO] RateLimiter is enabled
[2018/01/10 05:48:54 UTC] [INFO] Server is listening on [::]:80
[2018/01/10 05:48:54 UTC] [INFO] Initializing job API routes
[2018/01/10 05:48:55 UTC] [INFO] API version 3 is scheduled for deprecation. Please see https://api.mattermost.com for details.
[2018/01/10 05:48:55 UTC] [INFO] Starting 2 websocket hubs
[2018/01/10 05:48:55 UTC] [INFO] Starting workers
[2018/01/10 05:48:55 UTC] [INFO] Starting schedulers.
[2018/01/10 05:49:47 UTC] [INFO] Stopping schedulers.
[2018/01/10 05:49:47 UTC] [INFO] Schedulers stopped.
[2018/01/10 05:49:47 UTC] [INFO] Stopped workers
[2018/01/10 05:49:47 UTC] [INFO] Stopping Server...
[2018/01/10 05:49:47 UTC] [INFO] stopping websocket hub connections
[2018/01/10 05:49:47 UTC] [INFO] Shutting down plugins
[2018/01/10 05:49:47 UTC] [INFO] Closing SqlStore
